{"D:\\Weather App\\logic.js": {"path":"D:\\Weather App\\logic.js","statementMap":{"0":{"start":{"line":2,"column":18},"end":{"line":9,"column":5}},"1":{"start":{"line":10,"column":4},"end":{"line":10,"column":34}},"2":{"start":{"line":14,"column":4},"end":{"line":20,"column":6}},"3":{"start":{"line":23,"column":0},"end":{"line":23,"column":54}}},"fnMap":{"0":{"name":"getWeatherIcon","decl":{"start":{"line":1,"column":9},"end":{"line":1,"column":23}},"loc":{"start":{"line":1,"column":35},"end":{"line":11,"column":1}},"line":1},"1":{"name":"parseWeatherData","decl":{"start":{"line":13,"column":9},"end":{"line":13,"column":25}},"loc":{"start":{"line":13,"column":32},"end":{"line":21,"column":1}},"line":13}},"branchMap":{"0":{"loc":{"start":{"line":10,"column":11},"end":{"line":10,"column":33}},"type":"binary-expr","locations":[{"start":{"line":10,"column":11},"end":{"line":10,"column":27}},{"start":{"line":10,"column":31},"end":{"line":10,"column":33}}],"line":10}},"s":{"0":3,"1":3,"2":1,"3":1},"f":{"0":3,"1":1},"b":{"0":[3,1]},"_coverageSchema":"1a1c01bbd47fc00a2c39e90264f33305004495a9","hash":"2b28c5363694a00ca5c63d12c66209c87c20ca9c"}
}
